<?xml version="1.0" encoding="UTF-8"?>
<!-- Generated by org.testng.reporters.JUnitReportReporter -->
<testsuite hostname="DESKTOP-FI8UJG3" failures="0" tests="5" name="com.lambdatest.LambdaTest_3" time="170.928" errors="0" timestamp="2022-09-29T23:49:47 IST" skipped="0">
  <testcase classname="com.lambdatest.LambdaTest_3" name="FormFilling" time="35.202"/>
  <system-out/>
  <testcase classname="com.lambdatest.LambdaTest_3" name="FormFilling" time="31.955"/>
  <system-out/>
  <testcase classname="com.lambdatest.LambdaTest_3" name="FormFilling" time="29.115"/>
  <system-out/>
  <testcase classname="com.lambdatest.LambdaTest_3" name="FormFilling" time="29.160"/>
  <system-out/>
  <testcase classname="com.lambdatest.LambdaTest_3" name="FormFilling" time="45.496"/>
  <system-out/>
</testsuite> <!-- com.lambdatest.LambdaTest_3 -->
