<?xml version="1.0" encoding="UTF-8"?>
<!-- Generated by org.testng.reporters.JUnitReportReporter -->
<testsuite hostname="DESKTOP-FI8UJG3" failures="0" tests="8" name="com.lambdatest.LambdaTest_3" time="336.481" errors="0" timestamp="2022-10-01T22:15:07 IST" skipped="0">
  <testcase classname="com.lambdatest.LambdaTest_3" name="FormFilling" time="29.849"/>
  <system-out/>
  <testcase classname="com.lambdatest.LambdaTest_3" name="FormFilling" time="27.889"/>
  <system-out/>
  <testcase classname="com.lambdatest.LambdaTest_3" name="FormFilling" time="31.368"/>
  <system-out/>
  <testcase classname="com.lambdatest.LambdaTest_3" name="FormFilling" time="104.400"/>
  <system-out/>
  <testcase classname="com.lambdatest.LambdaTest_3" name="FormFilling" time="35.954"/>
  <system-out/>
  <testcase classname="com.lambdatest.LambdaTest_3" name="FormFilling" time="34.258"/>
  <system-out/>
  <testcase classname="com.lambdatest.LambdaTest_3" name="FormFilling" time="34.805"/>
  <system-out/>
  <testcase classname="com.lambdatest.LambdaTest_3" name="FormFilling" time="37.958"/>
  <system-out/>
</testsuite> <!-- com.lambdatest.LambdaTest_3 -->
