<?xml version="1.0" encoding="UTF-8"?>
<!-- Generated by org.testng.reporters.JUnitReportReporter -->
<testsuite hostname="DESKTOP-FI8UJG3" failures="0" tests="5" name="com.lambdatest.LambdaTest_1" time="125.605" errors="0" timestamp="2022-09-30T13:13:25 IST" skipped="0">
  <testcase classname="com.lambdatest.LambdaTest_1" name="EnterAndValidateMessage" time="39.266"/>
  <system-out/>
  <testcase classname="com.lambdatest.LambdaTest_1" name="EnterAndValidateMessage" time="22.577"/>
  <system-out/>
  <testcase classname="com.lambdatest.LambdaTest_1" name="EnterAndValidateMessage" time="20.710"/>
  <system-out/>
  <testcase classname="com.lambdatest.LambdaTest_1" name="EnterAndValidateMessage" time="17.604"/>
  <system-out/>
  <testcase classname="com.lambdatest.LambdaTest_1" name="EnterAndValidateMessage" time="25.448"/>
  <system-out/>
</testsuite> <!-- com.lambdatest.LambdaTest_1 -->
