<?xml version="1.0" encoding="UTF-8"?>
<!-- Generated by org.testng.reporters.JUnitReportReporter -->
<testsuite hostname="DESKTOP-FI8UJG3" failures="0" tests="5" name="com.lambdatest.LambdaTest_3" time="176.791" errors="0" timestamp="2022-09-30T00:24:15 IST" skipped="0">
  <testcase classname="com.lambdatest.LambdaTest_3" name="FormFilling" time="31.520"/>
  <system-out/>
  <testcase classname="com.lambdatest.LambdaTest_3" name="FormFilling" time="27.477"/>
  <system-out/>
  <testcase classname="com.lambdatest.LambdaTest_3" name="FormFilling" time="37.023"/>
  <system-out/>
  <testcase classname="com.lambdatest.LambdaTest_3" name="FormFilling" time="45.407"/>
  <system-out/>
  <testcase classname="com.lambdatest.LambdaTest_3" name="FormFilling" time="35.364"/>
  <system-out/>
</testsuite> <!-- com.lambdatest.LambdaTest_3 -->
