<?xml version="1.0" encoding="UTF-8"?>
<!-- Generated by org.testng.reporters.JUnitReportReporter -->
<testsuite hostname="DESKTOP-FI8UJG3" failures="0" tests="8" name="com.lambdatest.LambdaTest_1" time="262.493" errors="0" timestamp="2022-10-01T22:15:07 IST" skipped="0">
  <testcase classname="com.lambdatest.LambdaTest_1" name="EnterAndValidateMessage" time="24.803"/>
  <system-out/>
  <testcase classname="com.lambdatest.LambdaTest_1" name="EnterAndValidateMessage" time="21.917"/>
  <system-out/>
  <testcase classname="com.lambdatest.LambdaTest_1" name="EnterAndValidateMessage" time="20.982"/>
  <system-out/>
  <testcase classname="com.lambdatest.LambdaTest_1" name="EnterAndValidateMessage" time="21.331"/>
  <system-out/>
  <testcase classname="com.lambdatest.LambdaTest_1" name="EnterAndValidateMessage" time="19.457"/>
  <system-out/>
  <testcase classname="com.lambdatest.LambdaTest_1" name="EnterAndValidateMessage" time="70.177"/>
  <system-out/>
  <testcase classname="com.lambdatest.LambdaTest_1" name="EnterAndValidateMessage" time="47.691"/>
  <system-out/>
  <testcase classname="com.lambdatest.LambdaTest_1" name="EnterAndValidateMessage" time="36.135"/>
  <system-out/>
</testsuite> <!-- com.lambdatest.LambdaTest_1 -->
