<?xml version="1.0" encoding="UTF-8"?>
<!-- Generated by org.testng.reporters.JUnitReportReporter -->
<testsuite hostname="DESKTOP-FI8UJG3" failures="0" tests="8" name="com.lambdatest.LambdaTest_2" time="686.014" errors="0" timestamp="2022-10-01T22:15:07 IST" skipped="0">
  <testcase classname="com.lambdatest.LambdaTest_2" name="HandlingSliderBar" time="65.235"/>
  <system-out/>
  <testcase classname="com.lambdatest.LambdaTest_2" name="HandlingSliderBar" time="182.630"/>
  <system-out/>
  <testcase classname="com.lambdatest.LambdaTest_2" name="HandlingSliderBar" time="82.334"/>
  <system-out/>
  <testcase classname="com.lambdatest.LambdaTest_2" name="HandlingSliderBar" time="62.398"/>
  <system-out/>
  <testcase classname="com.lambdatest.LambdaTest_2" name="HandlingSliderBar" time="59.452"/>
  <system-out/>
  <testcase classname="com.lambdatest.LambdaTest_2" name="HandlingSliderBar" time="68.810"/>
  <system-out/>
  <testcase classname="com.lambdatest.LambdaTest_2" name="HandlingSliderBar" time="103.377"/>
  <system-out/>
  <testcase classname="com.lambdatest.LambdaTest_2" name="HandlingSliderBar" time="61.778"/>
  <system-out/>
</testsuite> <!-- com.lambdatest.LambdaTest_2 -->
