<?xml version="1.0" encoding="UTF-8"?>
<!-- Generated by org.testng.reporters.JUnitReportReporter -->
<testsuite hostname="DESKTOP-FI8UJG3" failures="0" tests="5" name="com.lambdatest.LambdaTest_1" time="109.275" errors="0" timestamp="2022-09-29T23:49:47 IST" skipped="0">
  <testcase classname="com.lambdatest.LambdaTest_1" name="EnterAndValidateMessage" time="24.882"/>
  <system-out/>
  <testcase classname="com.lambdatest.LambdaTest_1" name="EnterAndValidateMessage" time="22.297"/>
  <system-out/>
  <testcase classname="com.lambdatest.LambdaTest_1" name="EnterAndValidateMessage" time="22.214"/>
  <system-out/>
  <testcase classname="com.lambdatest.LambdaTest_1" name="EnterAndValidateMessage" time="19.543"/>
  <system-out/>
  <testcase classname="com.lambdatest.LambdaTest_1" name="EnterAndValidateMessage" time="20.339"/>
  <system-out/>
</testsuite> <!-- com.lambdatest.LambdaTest_1 -->
