<?xml version="1.0" encoding="UTF-8"?>
<!-- Generated by org.testng.reporters.JUnitReportReporter -->
<testsuite hostname="DESKTOP-FI8UJG3" failures="0" tests="5" name="com.lambdatest.LambdaTest_1" time="139.381" errors="0" timestamp="2022-09-30T00:24:15 IST" skipped="0">
  <testcase classname="com.lambdatest.LambdaTest_1" name="EnterAndValidateMessage" time="21.909"/>
  <system-out/>
  <testcase classname="com.lambdatest.LambdaTest_1" name="EnterAndValidateMessage" time="20.771"/>
  <system-out/>
  <testcase classname="com.lambdatest.LambdaTest_1" name="EnterAndValidateMessage" time="37.324"/>
  <system-out/>
  <testcase classname="com.lambdatest.LambdaTest_1" name="EnterAndValidateMessage" time="31.263"/>
  <system-out/>
  <testcase classname="com.lambdatest.LambdaTest_1" name="EnterAndValidateMessage" time="28.114"/>
  <system-out/>
</testsuite> <!-- com.lambdatest.LambdaTest_1 -->
