<?xml version="1.0" encoding="UTF-8"?>
<!-- Generated by org.testng.reporters.JUnitReportReporter -->
<testsuite hostname="DESKTOP-FI8UJG3" failures="0" tests="5" name="com.lambdatest.LambdaTest_2" time="210.626" errors="0" timestamp="2022-09-30T00:24:15 IST" skipped="0">
  <testcase classname="com.lambdatest.LambdaTest_2" name="HandlingSliderBar" time="42.209"/>
  <system-out/>
  <testcase classname="com.lambdatest.LambdaTest_2" name="HandlingSliderBar" time="44.181"/>
  <system-out/>
  <testcase classname="com.lambdatest.LambdaTest_2" name="HandlingSliderBar" time="41.287"/>
  <system-out/>
  <testcase classname="com.lambdatest.LambdaTest_2" name="HandlingSliderBar" time="42.438"/>
  <system-out/>
  <testcase classname="com.lambdatest.LambdaTest_2" name="HandlingSliderBar" time="40.511"/>
  <system-out/>
</testsuite> <!-- com.lambdatest.LambdaTest_2 -->
