<?xml version="1.0" encoding="UTF-8"?>
<!-- Generated by org.testng.reporters.JUnitReportReporter -->
<testsuite hostname="DESKTOP-FI8UJG3" failures="0" tests="5" name="com.lambdatest.LambdaTest_3" time="160.118" errors="0" timestamp="2022-09-30T13:13:25 IST" skipped="0">
  <testcase classname="com.lambdatest.LambdaTest_3" name="FormFilling" time="35.075"/>
  <system-out/>
  <testcase classname="com.lambdatest.LambdaTest_3" name="FormFilling" time="31.552"/>
  <system-out/>
  <testcase classname="com.lambdatest.LambdaTest_3" name="FormFilling" time="32.433"/>
  <system-out/>
  <testcase classname="com.lambdatest.LambdaTest_3" name="FormFilling" time="33.224"/>
  <system-out/>
  <testcase classname="com.lambdatest.LambdaTest_3" name="FormFilling" time="27.834"/>
  <system-out/>
</testsuite> <!-- com.lambdatest.LambdaTest_3 -->
