<?xml version="1.0" encoding="UTF-8"?>
<!-- Generated by org.testng.reporters.JUnitReportReporter -->
<testsuite hostname="DESKTOP-FI8UJG3" failures="0" tests="5" name="com.lambdatest.LambdaTest_2" time="211.385" errors="0" timestamp="2022-09-29T23:49:47 IST" skipped="0">
  <testcase classname="com.lambdatest.LambdaTest_2" name="HandlingSliderBar" time="45.404"/>
  <system-out/>
  <testcase classname="com.lambdatest.LambdaTest_2" name="HandlingSliderBar" time="44.190"/>
  <system-out/>
  <testcase classname="com.lambdatest.LambdaTest_2" name="HandlingSliderBar" time="40.431"/>
  <system-out/>
  <testcase classname="com.lambdatest.LambdaTest_2" name="HandlingSliderBar" time="38.075"/>
  <system-out/>
  <testcase classname="com.lambdatest.LambdaTest_2" name="HandlingSliderBar" time="43.285"/>
  <system-out/>
</testsuite> <!-- com.lambdatest.LambdaTest_2 -->
