<?xml version="1.0" encoding="UTF-8"?>
<!-- Generated by org.testng.reporters.JUnitReportReporter -->
<testsuite hostname="DESKTOP-FI8UJG3" failures="0" tests="5" name="com.lambdatest.LambdaTest_2" time="195.892" errors="0" timestamp="2022-09-30T13:13:25 IST" skipped="0">
  <testcase classname="com.lambdatest.LambdaTest_2" name="HandlingSliderBar" time="40.218"/>
  <system-out/>
  <testcase classname="com.lambdatest.LambdaTest_2" name="HandlingSliderBar" time="35.257"/>
  <system-out/>
  <testcase classname="com.lambdatest.LambdaTest_2" name="HandlingSliderBar" time="37.455"/>
  <system-out/>
  <testcase classname="com.lambdatest.LambdaTest_2" name="HandlingSliderBar" time="46.210"/>
  <system-out/>
  <testcase classname="com.lambdatest.LambdaTest_2" name="HandlingSliderBar" time="36.752"/>
  <system-out/>
</testsuite> <!-- com.lambdatest.LambdaTest_2 -->
